2018/03/16 04:38:41.827 [restartedMain] INFO |com.coherence.demo.CoherenceApplication - Starting CoherenceApplication on mymachine101 with PID 20411 (/u01/data/eclipse-workspace/coherence/target/classes started by oracle in /u01/data/eclipse-workspace/coherence)
2018/03/16 04:38:41.839 [restartedMain] INFO |com.coherence.demo.CoherenceApplication - No active profile set, falling back to default profiles: default
2018/03/16 04:38:42.210 [background-preinit] INFO |org.hibernate.validator.internal.util.Version - HV000001: Hibernate Validator 5.3.6.Final
2018/03/16 04:38:45.834 [restartedMain] INFO |org.apache.catalina.core.StandardService - Starting service [Tomcat]
2018/03/16 04:38:45.836 [restartedMain] INFO |org.apache.catalina.core.StandardEngine - Starting Servlet Engine: Apache Tomcat/8.5.27
2018/03/16 04:38:46.077 [localhost-startStop-1] INFO |org.apache.catalina.core.ContainerBase.[Tomcat].[localhost].[/] - Initializing Spring embedded WebApplicationContext
2018/03/16 04:38:46.567 [restartedMain] INFO |org.apache.catalina.core.StandardService - Stopping service [Tomcat]
2018/03/16 04:38:46.633 [restartedMain] ERROR|org.springframework.boot.SpringApplication - Application startup failed
org.springframework.beans.factory.UnsatisfiedDependencyException: Error creating bean with name 'org.springframework.boot.autoconfigure.orm.jpa.HibernateJpaAutoConfiguration': Unsatisfied dependency expressed through constructor parameter 0; nested exception is org.springframework.beans.factory.BeanCreationException: Error creating bean with name 'mysqlDataSource' defined in class path resource [com/coherence/demo/common/config/AppConfig.class]: Bean instantiation via factory method failed; nested exception is org.springframework.beans.BeanInstantiationException: Failed to instantiate [javax.sql.DataSource]: Factory method 'mysqlDataSource' threw exception; nested exception is java.lang.RuntimeException: Failed to load class of driverClassName oracle.jdbc.OracleDriver
	at org.springframework.beans.factory.support.ConstructorResolver.createArgumentArray(ConstructorResolver.java:749)
	at org.springframework.beans.factory.support.ConstructorResolver.autowireConstructor(ConstructorResolver.java:189)
	at org.springframework.beans.factory.support.AbstractAutowireCapableBeanFactory.autowireConstructor(AbstractAutowireCapableBeanFactory.java:1193)
	at org.springframework.beans.factory.support.AbstractAutowireCapableBeanFactory.createBeanInstance(AbstractAutowireCapableBeanFactory.java:1095)
	at org.springframework.beans.factory.support.AbstractAutowireCapableBeanFactory.doCreateBean(AbstractAutowireCapableBeanFactory.java:513)
	at org.springframework.beans.factory.support.AbstractAutowireCapableBeanFactory.createBean(AbstractAutowireCapableBeanFactory.java:483)
	at org.springframework.beans.factory.support.AbstractBeanFactory$1.getObject(AbstractBeanFactory.java:306)
	at org.springframework.beans.factory.support.DefaultSingletonBeanRegistry.getSingleton(DefaultSingletonBeanRegistry.java:230)
	at org.springframework.beans.factory.support.AbstractBeanFactory.doGetBean(AbstractBeanFactory.java:302)
	at org.springframework.beans.factory.support.AbstractBeanFactory.getBean(AbstractBeanFactory.java:197)
	at org.springframework.beans.factory.support.ConstructorResolver.instantiateUsingFactoryMethod(ConstructorResolver.java:372)
	at org.springframework.beans.factory.support.AbstractAutowireCapableBeanFactory.instantiateUsingFactoryMethod(AbstractAutowireCapableBeanFactory.java:1173)
	at org.springframework.beans.factory.support.AbstractAutowireCapableBeanFactory.createBeanInstance(AbstractAutowireCapableBeanFactory.java:1067)
	at org.springframework.beans.factory.support.AbstractAutowireCapableBeanFactory.doCreateBean(AbstractAutowireCapableBeanFactory.java:513)
	at org.springframework.beans.factory.support.AbstractAutowireCapableBeanFactory.createBean(AbstractAutowireCapableBeanFactory.java:483)
	at org.springframework.beans.factory.support.AbstractBeanFactory$1.getObject(AbstractBeanFactory.java:306)
	at org.springframework.beans.factory.support.DefaultSingletonBeanRegistry.getSingleton(DefaultSingletonBeanRegistry.java:230)
	at org.springframework.beans.factory.support.AbstractBeanFactory.doGetBean(AbstractBeanFactory.java:302)
	at org.springframework.beans.factory.support.AbstractBeanFactory.getBean(AbstractBeanFactory.java:197)
	at org.springframework.context.support.AbstractApplicationContext.getBean(AbstractApplicationContext.java:1080)
	at org.springframework.context.support.AbstractApplicationContext.finishBeanFactoryInitialization(AbstractApplicationContext.java:857)
	at org.springframework.context.support.AbstractApplicationContext.refresh(AbstractApplicationContext.java:543)
	at org.springframework.boot.context.embedded.EmbeddedWebApplicationContext.refresh(EmbeddedWebApplicationContext.java:122)
	at org.springframework.boot.SpringApplication.refresh(SpringApplication.java:693)
	at org.springframework.boot.SpringApplication.refreshContext(SpringApplication.java:360)
	at org.springframework.boot.SpringApplication.run(SpringApplication.java:303)
	at org.springframework.boot.SpringApplication.run(SpringApplication.java:1118)
	at org.springframework.boot.SpringApplication.run(SpringApplication.java:1107)
	at com.coherence.demo.CoherenceApplication.main(CoherenceApplication.java:10)
	at sun.reflect.NativeMethodAccessorImpl.invoke0(Native Method)
	at sun.reflect.NativeMethodAccessorImpl.invoke(NativeMethodAccessorImpl.java:62)
	at sun.reflect.DelegatingMethodAccessorImpl.invoke(DelegatingMethodAccessorImpl.java:43)
	at java.lang.reflect.Method.invoke(Method.java:498)
	at org.springframework.boot.devtools.restart.RestartLauncher.run(RestartLauncher.java:49)
Caused by: org.springframework.beans.factory.BeanCreationException: Error creating bean with name 'mysqlDataSource' defined in class path resource [com/coherence/demo/common/config/AppConfig.class]: Bean instantiation via factory method failed; nested exception is org.springframework.beans.BeanInstantiationException: Failed to instantiate [javax.sql.DataSource]: Factory method 'mysqlDataSource' threw exception; nested exception is java.lang.RuntimeException: Failed to load class of driverClassName oracle.jdbc.OracleDriver
	at org.springframework.beans.factory.support.ConstructorResolver.instantiateUsingFactoryMethod(ConstructorResolver.java:599)
	at org.springframework.beans.factory.support.AbstractAutowireCapableBeanFactory.instantiateUsingFactoryMethod(AbstractAutowireCapableBeanFactory.java:1173)
	at org.springframework.beans.factory.support.AbstractAutowireCapableBeanFactory.createBeanInstance(AbstractAutowireCapableBeanFactory.java:1067)
	at org.springframework.beans.factory.support.AbstractAutowireCapableBeanFactory.doCreateBean(AbstractAutowireCapableBeanFactory.java:513)
	at org.springframework.beans.factory.support.AbstractAutowireCapableBeanFactory.createBean(AbstractAutowireCapableBeanFactory.java:483)
	at org.springframework.beans.factory.support.AbstractBeanFactory$1.getObject(AbstractBeanFactory.java:306)
	at org.springframework.beans.factory.support.DefaultSingletonBeanRegistry.getSingleton(DefaultSingletonBeanRegistry.java:230)
	at org.springframework.beans.factory.support.AbstractBeanFactory.doGetBean(AbstractBeanFactory.java:302)
	at org.springframework.beans.factory.support.AbstractBeanFactory.getBean(AbstractBeanFactory.java:202)
	at org.springframework.beans.factory.config.DependencyDescriptor.resolveCandidate(DependencyDescriptor.java:208)
	at org.springframework.beans.factory.support.DefaultListableBeanFactory.doResolveDependency(DefaultListableBeanFactory.java:1138)
	at org.springframework.beans.factory.support.DefaultListableBeanFactory.resolveDependency(DefaultListableBeanFactory.java:1066)
	at org.springframework.beans.factory.support.ConstructorResolver.resolveAutowiredArgument(ConstructorResolver.java:835)
	at org.springframework.beans.factory.support.ConstructorResolver.createArgumentArray(ConstructorResolver.java:741)
	... 33 common frames omitted
Caused by: org.springframework.beans.BeanInstantiationException: Failed to instantiate [javax.sql.DataSource]: Factory method 'mysqlDataSource' threw exception; nested exception is java.lang.RuntimeException: Failed to load class of driverClassName oracle.jdbc.OracleDriver
	at org.springframework.beans.factory.support.SimpleInstantiationStrategy.instantiate(SimpleInstantiationStrategy.java:189)
	at org.springframework.beans.factory.support.ConstructorResolver.instantiateUsingFactoryMethod(ConstructorResolver.java:588)
	... 46 common frames omitted
Caused by: java.lang.RuntimeException: Failed to load class of driverClassName oracle.jdbc.OracleDriver
	at com.zaxxer.hikari.HikariConfig.setDriverClassName(HikariConfig.java:323)
	at com.coherence.demo.common.config.AppConfig.mysqlDataSource(AppConfig.java:31)
	at com.coherence.demo.common.config.AppConfig$$EnhancerBySpringCGLIB$$e6852843.CGLIB$mysqlDataSource$1(<generated>)
	at com.coherence.demo.common.config.AppConfig$$EnhancerBySpringCGLIB$$e6852843$$FastClassBySpringCGLIB$$8038e796.invoke(<generated>)
	at org.springframework.cglib.proxy.MethodProxy.invokeSuper(MethodProxy.java:228)
	at org.springframework.context.annotation.ConfigurationClassEnhancer$BeanMethodInterceptor.intercept(ConfigurationClassEnhancer.java:358)
	at com.coherence.demo.common.config.AppConfig$$EnhancerBySpringCGLIB$$e6852843.mysqlDataSource(<generated>)
	at sun.reflect.NativeMethodAccessorImpl.invoke0(Native Method)
	at sun.reflect.NativeMethodAccessorImpl.invoke(NativeMethodAccessorImpl.java:62)
	at sun.reflect.DelegatingMethodAccessorImpl.invoke(DelegatingMethodAccessorImpl.java:43)
	at java.lang.reflect.Method.invoke(Method.java:498)
	at org.springframework.beans.factory.support.SimpleInstantiationStrategy.instantiate(SimpleInstantiationStrategy.java:162)
	... 47 common frames omitted
Caused by: java.lang.ClassNotFoundException: oracle.jdbc.OracleDriver
	at java.net.URLClassLoader.findClass(URLClassLoader.java:381)
	at java.lang.ClassLoader.loadClass(ClassLoader.java:424)
	at sun.misc.Launcher$AppClassLoader.loadClass(Launcher.java:335)
	at java.lang.ClassLoader.loadClass(ClassLoader.java:357)
	at com.zaxxer.hikari.HikariConfig.setDriverClassName(HikariConfig.java:318)
	... 58 common frames omitted
2018/03/16 04:43:11.989 [restartedMain] INFO |com.coherence.demo.CoherenceApplication - Starting CoherenceApplication on mymachine101 with PID 20940 (/u01/data/eclipse-workspace/coherence/target/classes started by oracle in /u01/data/eclipse-workspace/coherence)
2018/03/16 04:43:11.992 [restartedMain] INFO |com.coherence.demo.CoherenceApplication - No active profile set, falling back to default profiles: default
2018/03/16 04:43:12.536 [background-preinit] INFO |org.hibernate.validator.internal.util.Version - HV000001: Hibernate Validator 5.3.6.Final
2018/03/16 04:43:15.780 [restartedMain] INFO |org.apache.catalina.core.StandardService - Starting service [Tomcat]
2018/03/16 04:43:15.782 [restartedMain] INFO |org.apache.catalina.core.StandardEngine - Starting Servlet Engine: Apache Tomcat/8.5.27
2018/03/16 04:43:16.003 [localhost-startStop-1] INFO |org.apache.catalina.core.ContainerBase.[Tomcat].[localhost].[/] - Initializing Spring embedded WebApplicationContext
2018/03/16 04:43:16.802 [restartedMain] INFO |com.zaxxer.hikari.HikariDataSource - HikariPool-1 - Started.
2018/03/16 04:43:18.173 [restartedMain] INFO |org.hibernate.jpa.internal.util.LogHelper - HHH000204: Processing PersistenceUnitInfo [
	name: default
	...]
2018/03/16 04:43:18.416 [restartedMain] INFO |org.hibernate.Version - HHH000412: Hibernate Core {5.0.12.Final}
2018/03/16 04:43:18.418 [restartedMain] INFO |org.hibernate.cfg.Environment - HHH000206: hibernate.properties not found
2018/03/16 04:43:18.422 [restartedMain] INFO |org.hibernate.cfg.Environment - HHH000021: Bytecode provider name : javassist
2018/03/16 04:43:18.519 [restartedMain] INFO |org.hibernate.annotations.common.Version - HCANN000001: Hibernate Commons Annotations {5.0.1.Final}
2018/03/16 04:43:18.859 [restartedMain] INFO |org.hibernate.dialect.Dialect - HHH000400: Using dialect: org.hibernate.dialect.Oracle9iDialect
2018/03/16 04:43:21.759 [restartedMain] INFO |org.apache.coyote.http11.Http11NioProtocol - Initializing ProtocolHandler ["http-nio-8388"]
2018/03/16 04:43:21.780 [restartedMain] INFO |org.apache.coyote.http11.Http11NioProtocol - Starting ProtocolHandler ["http-nio-8388"]
2018/03/16 04:43:21.784 [restartedMain] INFO |org.apache.tomcat.util.net.NioSelectorPool - Using a shared selector for servlet write/read
2018/03/16 04:43:21.961 [restartedMain] INFO |com.coherence.demo.CoherenceApplication - Started CoherenceApplication in 10.31 seconds (JVM running for 11.169)
2018/03/16 04:43:39.778 [http-nio-8388-exec-1] INFO |org.apache.catalina.core.ContainerBase.[Tomcat].[localhost].[/] - Initializing Spring FrameworkServlet 'dispatcherServlet'
2018/03/16 04:45:40.732 [Thread-8] INFO |com.zaxxer.hikari.pool.HikariPool - HikariPool-1 - Close initiated...
2018/03/16 04:45:40.778 [Thread-8] INFO |com.zaxxer.hikari.pool.HikariPool - HikariPool-1 - Closed.
2018/03/16 04:45:41.392 [restartedMain] INFO |com.coherence.demo.CoherenceApplication - Starting CoherenceApplication on mymachine101 with PID 20940 (/u01/data/eclipse-workspace/coherence/target/classes started by oracle in /u01/data/eclipse-workspace/coherence)
2018/03/16 04:45:41.393 [restartedMain] INFO |com.coherence.demo.CoherenceApplication - No active profile set, falling back to default profiles: default
2018/03/16 04:45:42.100 [restartedMain] INFO |org.apache.catalina.core.StandardService - Starting service [Tomcat]
2018/03/16 04:45:42.112 [restartedMain] INFO |org.apache.catalina.core.StandardEngine - Starting Servlet Engine: Apache Tomcat/8.5.27
2018/03/16 04:45:42.138 [localhost-startStop-1] INFO |org.apache.catalina.core.ContainerBase.[Tomcat].[localhost].[/] - Initializing Spring embedded WebApplicationContext
2018/03/16 04:45:42.331 [restartedMain] INFO |com.zaxxer.hikari.HikariDataSource - HikariPool-2 - Started.
2018/03/16 04:45:42.616 [restartedMain] INFO |org.hibernate.jpa.internal.util.LogHelper - HHH000204: Processing PersistenceUnitInfo [
	name: default
	...]
2018/03/16 04:45:42.633 [restartedMain] INFO |org.hibernate.dialect.Dialect - HHH000400: Using dialect: org.hibernate.dialect.Oracle9iDialect
2018/03/16 04:45:43.335 [restartedMain] INFO |org.apache.coyote.http11.Http11NioProtocol - Initializing ProtocolHandler ["http-nio-8388"]
2018/03/16 04:45:43.336 [restartedMain] INFO |org.apache.coyote.http11.Http11NioProtocol - Starting ProtocolHandler ["http-nio-8388"]
2018/03/16 04:45:43.338 [restartedMain] INFO |org.apache.tomcat.util.net.NioSelectorPool - Using a shared selector for servlet write/read
2018/03/16 04:45:43.356 [restartedMain] INFO |com.coherence.demo.CoherenceApplication - Started CoherenceApplication in 2.094 seconds (JVM running for 152.564)
2018/03/16 04:46:00.695 [Thread-12] INFO |com.zaxxer.hikari.pool.HikariPool - HikariPool-2 - Close initiated...
2018/03/16 04:46:00.744 [Thread-12] INFO |com.zaxxer.hikari.pool.HikariPool - HikariPool-2 - Closed.
2018/03/16 04:46:01.258 [restartedMain] INFO |com.coherence.demo.CoherenceApplication - Starting CoherenceApplication on mymachine101 with PID 20940 (/u01/data/eclipse-workspace/coherence/target/classes started by oracle in /u01/data/eclipse-workspace/coherence)
2018/03/16 04:46:01.258 [restartedMain] INFO |com.coherence.demo.CoherenceApplication - No active profile set, falling back to default profiles: default
2018/03/16 04:46:01.879 [restartedMain] INFO |org.apache.catalina.core.StandardService - Starting service [Tomcat]
2018/03/16 04:46:01.879 [restartedMain] INFO |org.apache.catalina.core.StandardEngine - Starting Servlet Engine: Apache Tomcat/8.5.27
2018/03/16 04:46:01.894 [localhost-startStop-1] INFO |org.apache.catalina.core.ContainerBase.[Tomcat].[localhost].[/] - Initializing Spring embedded WebApplicationContext
2018/03/16 04:46:02.000 [restartedMain] INFO |com.zaxxer.hikari.HikariDataSource - HikariPool-3 - Started.
2018/03/16 04:46:02.184 [restartedMain] INFO |org.hibernate.jpa.internal.util.LogHelper - HHH000204: Processing PersistenceUnitInfo [
	name: default
	...]
2018/03/16 04:46:02.201 [restartedMain] INFO |org.hibernate.dialect.Dialect - HHH000400: Using dialect: org.hibernate.dialect.Oracle9iDialect
2018/03/16 04:46:02.697 [restartedMain] INFO |org.apache.coyote.http11.Http11NioProtocol - Initializing ProtocolHandler ["http-nio-8388"]
2018/03/16 04:46:02.697 [restartedMain] INFO |org.apache.coyote.http11.Http11NioProtocol - Starting ProtocolHandler ["http-nio-8388"]
2018/03/16 04:46:02.698 [restartedMain] INFO |org.apache.tomcat.util.net.NioSelectorPool - Using a shared selector for servlet write/read
2018/03/16 04:46:02.733 [restartedMain] INFO |com.coherence.demo.CoherenceApplication - Started CoherenceApplication in 1.578 seconds (JVM running for 171.941)
2018/03/16 04:46:23.148 [Thread-18] INFO |com.zaxxer.hikari.pool.HikariPool - HikariPool-3 - Close initiated...
2018/03/16 04:46:23.172 [Thread-18] INFO |com.zaxxer.hikari.pool.HikariPool - HikariPool-3 - Closed.
2018/03/16 04:46:23.547 [restartedMain] INFO |com.coherence.demo.CoherenceApplication - Starting CoherenceApplication on mymachine101 with PID 20940 (/u01/data/eclipse-workspace/coherence/target/classes started by oracle in /u01/data/eclipse-workspace/coherence)
2018/03/16 04:46:23.547 [restartedMain] INFO |com.coherence.demo.CoherenceApplication - No active profile set, falling back to default profiles: default
2018/03/16 04:46:24.026 [restartedMain] INFO |org.apache.catalina.core.StandardService - Starting service [Tomcat]
2018/03/16 04:46:24.027 [restartedMain] INFO |org.apache.catalina.core.StandardEngine - Starting Servlet Engine: Apache Tomcat/8.5.27
2018/03/16 04:46:24.078 [localhost-startStop-1] INFO |org.apache.catalina.core.ContainerBase.[Tomcat].[localhost].[/] - Initializing Spring embedded WebApplicationContext
2018/03/16 04:46:24.203 [restartedMain] INFO |com.zaxxer.hikari.HikariDataSource - HikariPool-4 - Started.
2018/03/16 04:46:24.473 [restartedMain] INFO |org.hibernate.jpa.internal.util.LogHelper - HHH000204: Processing PersistenceUnitInfo [
	name: default
	...]
2018/03/16 04:46:24.487 [restartedMain] INFO |org.hibernate.dialect.Dialect - HHH000400: Using dialect: org.hibernate.dialect.Oracle9iDialect
2018/03/16 04:46:24.931 [restartedMain] INFO |org.apache.coyote.http11.Http11NioProtocol - Initializing ProtocolHandler ["http-nio-8388"]
2018/03/16 04:46:24.932 [restartedMain] INFO |org.apache.coyote.http11.Http11NioProtocol - Starting ProtocolHandler ["http-nio-8388"]
2018/03/16 04:46:24.933 [restartedMain] INFO |org.apache.tomcat.util.net.NioSelectorPool - Using a shared selector for servlet write/read
2018/03/16 04:46:24.938 [restartedMain] INFO |com.coherence.demo.CoherenceApplication - Started CoherenceApplication in 1.444 seconds (JVM running for 194.146)
2018/03/16 04:46:34.266 [http-nio-8388-exec-1] INFO |org.apache.catalina.core.ContainerBase.[Tomcat].[localhost].[/] - Initializing Spring FrameworkServlet 'dispatcherServlet'
2018/03/16 04:46:34.273 [http-nio-8388-exec-1] INFO |com.coherence.demo.sample.controller.SampleController - ######Method-employees start######
2018/03/16 04:46:34.278 [http-nio-8388-exec-1] INFO |com.coherence.demo.sample.controller.SampleController - ######程序运行时间： 5毫秒######
2018/03/16 04:46:34.279 [http-nio-8388-exec-1] INFO |com.coherence.demo.sample.controller.SampleController - ######Method-employees end######
2018/03/16 04:47:06.484 [Thread-24] INFO |com.zaxxer.hikari.pool.HikariPool - HikariPool-4 - Close initiated...
2018/03/16 04:47:06.521 [Thread-24] INFO |com.zaxxer.hikari.pool.HikariPool - HikariPool-4 - Closed.
2018/03/16 04:47:06.791 [restartedMain] INFO |com.coherence.demo.CoherenceApplication - Starting CoherenceApplication on mymachine101 with PID 20940 (/u01/data/eclipse-workspace/coherence/target/classes started by oracle in /u01/data/eclipse-workspace/coherence)
2018/03/16 04:47:06.792 [restartedMain] INFO |com.coherence.demo.CoherenceApplication - No active profile set, falling back to default profiles: default
2018/03/16 04:47:07.163 [restartedMain] INFO |org.apache.catalina.core.StandardService - Starting service [Tomcat]
2018/03/16 04:47:07.163 [restartedMain] INFO |org.apache.catalina.core.StandardEngine - Starting Servlet Engine: Apache Tomcat/8.5.27
2018/03/16 04:47:07.172 [localhost-startStop-1] INFO |org.apache.catalina.core.ContainerBase.[Tomcat].[localhost].[/] - Initializing Spring embedded WebApplicationContext
2018/03/16 04:47:07.255 [restartedMain] INFO |com.zaxxer.hikari.HikariDataSource - HikariPool-5 - Started.
2018/03/16 04:47:07.453 [restartedMain] INFO |org.hibernate.jpa.internal.util.LogHelper - HHH000204: Processing PersistenceUnitInfo [
	name: default
	...]
2018/03/16 04:47:07.471 [restartedMain] INFO |org.hibernate.dialect.Dialect - HHH000400: Using dialect: org.hibernate.dialect.Oracle9iDialect
2018/03/16 04:47:07.962 [restartedMain] INFO |org.apache.coyote.http11.Http11NioProtocol - Initializing ProtocolHandler ["http-nio-8388"]
2018/03/16 04:47:07.962 [restartedMain] INFO |org.apache.coyote.http11.Http11NioProtocol - Starting ProtocolHandler ["http-nio-8388"]
2018/03/16 04:47:07.963 [restartedMain] INFO |org.apache.tomcat.util.net.NioSelectorPool - Using a shared selector for servlet write/read
2018/03/16 04:47:07.985 [restartedMain] INFO |com.coherence.demo.CoherenceApplication - Started CoherenceApplication in 1.234 seconds (JVM running for 237.193)
2018/03/16 04:47:11.963 [http-nio-8388-exec-1] INFO |org.apache.catalina.core.ContainerBase.[Tomcat].[localhost].[/] - Initializing Spring FrameworkServlet 'dispatcherServlet'
2018/03/16 04:47:11.997 [http-nio-8388-exec-1] INFO |com.coherence.demo.sample.controller.SampleController - ######Method-employees start######
2018/03/16 04:47:11.998 [http-nio-8388-exec-1] INFO |com.coherence.demo.sample.facade.impl.SampleFacadeImpl - ######Method-selectByExample start######
2018/03/16 04:47:12.008 [http-nio-8388-exec-1] INFO |com.coherence.demo.sample.facade.impl.SampleFacadeImpl - ######程序运行时间： 10毫秒######
2018/03/16 04:47:12.008 [http-nio-8388-exec-1] INFO |com.coherence.demo.sample.facade.impl.SampleFacadeImpl - ######Method-selectByExample end######
2018/03/16 04:47:12.009 [http-nio-8388-exec-1] INFO |com.coherence.demo.sample.controller.SampleController - ######程序运行时间： 12毫秒######
2018/03/16 04:47:12.009 [http-nio-8388-exec-1] INFO |com.coherence.demo.sample.controller.SampleController - ######Method-employees end######
2018/03/16 04:47:13.093 [http-nio-8388-exec-3] INFO |com.coherence.demo.sample.controller.SampleController - ######Method-employees start######
2018/03/16 04:47:13.093 [http-nio-8388-exec-3] INFO |com.coherence.demo.sample.facade.impl.SampleFacadeImpl - ######Method-selectByExample start######
2018/03/16 04:47:13.099 [http-nio-8388-exec-3] INFO |com.coherence.demo.sample.facade.impl.SampleFacadeImpl - ######程序运行时间： 6毫秒######
2018/03/16 04:47:13.099 [http-nio-8388-exec-3] INFO |com.coherence.demo.sample.facade.impl.SampleFacadeImpl - ######Method-selectByExample end######
2018/03/16 04:47:13.100 [http-nio-8388-exec-3] INFO |com.coherence.demo.sample.controller.SampleController - ######程序运行时间： 7毫秒######
2018/03/16 04:47:13.100 [http-nio-8388-exec-3] INFO |com.coherence.demo.sample.controller.SampleController - ######Method-employees end######
2018/03/16 04:47:13.937 [http-nio-8388-exec-5] INFO |com.coherence.demo.sample.controller.SampleController - ######Method-employees start######
2018/03/16 04:47:13.937 [http-nio-8388-exec-5] INFO |com.coherence.demo.sample.facade.impl.SampleFacadeImpl - ######Method-selectByExample start######
2018/03/16 04:47:13.952 [http-nio-8388-exec-5] INFO |com.coherence.demo.sample.facade.impl.SampleFacadeImpl - ######程序运行时间： 15毫秒######
2018/03/16 04:47:13.952 [http-nio-8388-exec-5] INFO |com.coherence.demo.sample.facade.impl.SampleFacadeImpl - ######Method-selectByExample end######
2018/03/16 04:47:13.953 [http-nio-8388-exec-5] INFO |com.coherence.demo.sample.controller.SampleController - ######程序运行时间： 16毫秒######
2018/03/16 04:47:13.953 [http-nio-8388-exec-5] INFO |com.coherence.demo.sample.controller.SampleController - ######Method-employees end######
2018/03/16 04:47:14.665 [http-nio-8388-exec-7] INFO |com.coherence.demo.sample.controller.SampleController - ######Method-employees start######
2018/03/16 04:47:14.666 [http-nio-8388-exec-7] INFO |com.coherence.demo.sample.facade.impl.SampleFacadeImpl - ######Method-selectByExample start######
2018/03/16 04:47:14.674 [http-nio-8388-exec-7] INFO |com.coherence.demo.sample.facade.impl.SampleFacadeImpl - ######程序运行时间： 8毫秒######
2018/03/16 04:47:14.674 [http-nio-8388-exec-7] INFO |com.coherence.demo.sample.facade.impl.SampleFacadeImpl - ######Method-selectByExample end######
2018/03/16 04:47:14.674 [http-nio-8388-exec-7] INFO |com.coherence.demo.sample.controller.SampleController - ######程序运行时间： 9毫秒######
2018/03/16 04:47:14.674 [http-nio-8388-exec-7] INFO |com.coherence.demo.sample.controller.SampleController - ######Method-employees end######
2018/03/16 04:47:15.350 [http-nio-8388-exec-9] INFO |com.coherence.demo.sample.controller.SampleController - ######Method-employees start######
2018/03/16 04:47:15.351 [http-nio-8388-exec-9] INFO |com.coherence.demo.sample.facade.impl.SampleFacadeImpl - ######Method-selectByExample start######
2018/03/16 04:47:15.360 [http-nio-8388-exec-9] INFO |com.coherence.demo.sample.facade.impl.SampleFacadeImpl - ######程序运行时间： 9毫秒######
2018/03/16 04:47:15.360 [http-nio-8388-exec-9] INFO |com.coherence.demo.sample.facade.impl.SampleFacadeImpl - ######Method-selectByExample end######
2018/03/16 04:47:15.361 [http-nio-8388-exec-9] INFO |com.coherence.demo.sample.controller.SampleController - ######程序运行时间： 11毫秒######
2018/03/16 04:47:15.361 [http-nio-8388-exec-9] INFO |com.coherence.demo.sample.controller.SampleController - ######Method-employees end######
2018/03/16 04:47:15.953 [http-nio-8388-exec-1] INFO |com.coherence.demo.sample.controller.SampleController - ######Method-employees start######
2018/03/16 04:47:15.955 [http-nio-8388-exec-1] INFO |com.coherence.demo.sample.facade.impl.SampleFacadeImpl - ######Method-selectByExample start######
2018/03/16 04:47:15.960 [http-nio-8388-exec-1] INFO |com.coherence.demo.sample.facade.impl.SampleFacadeImpl - ######程序运行时间： 5毫秒######
2018/03/16 04:47:15.961 [http-nio-8388-exec-1] INFO |com.coherence.demo.sample.facade.impl.SampleFacadeImpl - ######Method-selectByExample end######
2018/03/16 04:47:15.961 [http-nio-8388-exec-1] INFO |com.coherence.demo.sample.controller.SampleController - ######程序运行时间： 8毫秒######
2018/03/16 04:47:15.961 [http-nio-8388-exec-1] INFO |com.coherence.demo.sample.controller.SampleController - ######Method-employees end######
2018/03/16 04:47:16.508 [http-nio-8388-exec-3] INFO |com.coherence.demo.sample.controller.SampleController - ######Method-employees start######
2018/03/16 04:47:16.509 [http-nio-8388-exec-3] INFO |com.coherence.demo.sample.facade.impl.SampleFacadeImpl - ######Method-selectByExample start######
2018/03/16 04:47:16.514 [http-nio-8388-exec-3] INFO |com.coherence.demo.sample.facade.impl.SampleFacadeImpl - ######程序运行时间： 5毫秒######
2018/03/16 04:47:16.514 [http-nio-8388-exec-3] INFO |com.coherence.demo.sample.facade.impl.SampleFacadeImpl - ######Method-selectByExample end######
2018/03/16 04:47:16.514 [http-nio-8388-exec-3] INFO |com.coherence.demo.sample.controller.SampleController - ######程序运行时间： 6毫秒######
2018/03/16 04:47:16.514 [http-nio-8388-exec-3] INFO |com.coherence.demo.sample.controller.SampleController - ######Method-employees end######
2018/03/16 04:48:09.619 [Thread-30] INFO |com.zaxxer.hikari.pool.HikariPool - HikariPool-5 - Close initiated...
2018/03/16 04:48:09.713 [Thread-30] INFO |com.zaxxer.hikari.pool.HikariPool - HikariPool-5 - Closed.
2018/03/16 04:48:10.300 [restartedMain] INFO |com.coherence.demo.CoherenceApplication - Starting CoherenceApplication on mymachine101 with PID 20940 (/u01/data/eclipse-workspace/coherence/target/classes started by oracle in /u01/data/eclipse-workspace/coherence)
2018/03/16 04:48:10.300 [restartedMain] INFO |com.coherence.demo.CoherenceApplication - No active profile set, falling back to default profiles: default
2018/03/16 04:48:11.401 [restartedMain] INFO |org.apache.catalina.core.StandardService - Starting service [Tomcat]
2018/03/16 04:48:11.401 [restartedMain] INFO |org.apache.catalina.core.StandardEngine - Starting Servlet Engine: Apache Tomcat/8.5.27
2018/03/16 04:48:11.465 [localhost-startStop-1] INFO |org.apache.catalina.core.ContainerBase.[Tomcat].[localhost].[/] - Initializing Spring embedded WebApplicationContext
2018/03/16 04:48:11.660 [restartedMain] INFO |com.zaxxer.hikari.HikariDataSource - HikariPool-6 - Started.
2018/03/16 04:48:11.885 [restartedMain] INFO |org.hibernate.jpa.internal.util.LogHelper - HHH000204: Processing PersistenceUnitInfo [
	name: default
	...]
2018/03/16 04:48:11.913 [restartedMain] INFO |org.hibernate.dialect.Dialect - HHH000400: Using dialect: org.hibernate.dialect.Oracle9iDialect
2018/03/16 04:48:12.607 [restartedMain] INFO |org.apache.coyote.http11.Http11NioProtocol - Initializing ProtocolHandler ["http-nio-8388"]
2018/03/16 04:48:12.608 [restartedMain] INFO |org.apache.coyote.http11.Http11NioProtocol - Starting ProtocolHandler ["http-nio-8388"]
2018/03/16 04:48:12.609 [restartedMain] INFO |org.apache.tomcat.util.net.NioSelectorPool - Using a shared selector for servlet write/read
2018/03/16 04:48:12.700 [restartedMain] INFO |com.coherence.demo.CoherenceApplication - Started CoherenceApplication in 2.6 seconds (JVM running for 301.908)
2018/03/16 04:48:54.142 [Thread-36] INFO |com.zaxxer.hikari.pool.HikariPool - HikariPool-6 - Close initiated...
2018/03/16 04:48:54.188 [Thread-36] INFO |com.zaxxer.hikari.pool.HikariPool - HikariPool-6 - Closed.
2018/03/16 04:48:54.751 [restartedMain] INFO |com.coherence.demo.CoherenceApplication - Starting CoherenceApplication on mymachine101 with PID 20940 (/u01/data/eclipse-workspace/coherence/target/classes started by oracle in /u01/data/eclipse-workspace/coherence)
2018/03/16 04:48:54.752 [restartedMain] INFO |com.coherence.demo.CoherenceApplication - No active profile set, falling back to default profiles: default
2018/03/16 04:48:55.671 [restartedMain] INFO |org.apache.catalina.core.StandardService - Starting service [Tomcat]
2018/03/16 04:48:55.672 [restartedMain] INFO |org.apache.catalina.core.StandardEngine - Starting Servlet Engine: Apache Tomcat/8.5.27
2018/03/16 04:48:55.700 [localhost-startStop-1] INFO |org.apache.catalina.core.ContainerBase.[Tomcat].[localhost].[/] - Initializing Spring embedded WebApplicationContext
2018/03/16 04:48:55.859 [restartedMain] INFO |com.zaxxer.hikari.HikariDataSource - HikariPool-7 - Started.
2018/03/16 04:48:56.240 [restartedMain] INFO |org.hibernate.jpa.internal.util.LogHelper - HHH000204: Processing PersistenceUnitInfo [
	name: default
	...]
2018/03/16 04:48:56.258 [restartedMain] INFO |org.hibernate.dialect.Dialect - HHH000400: Using dialect: org.hibernate.dialect.Oracle9iDialect
2018/03/16 04:48:57.148 [restartedMain] INFO |org.apache.coyote.http11.Http11NioProtocol - Initializing ProtocolHandler ["http-nio-8388"]
2018/03/16 04:48:57.149 [restartedMain] INFO |org.apache.coyote.http11.Http11NioProtocol - Starting ProtocolHandler ["http-nio-8388"]
2018/03/16 04:48:57.149 [restartedMain] INFO |org.apache.tomcat.util.net.NioSelectorPool - Using a shared selector for servlet write/read
2018/03/16 04:48:57.311 [restartedMain] INFO |com.coherence.demo.CoherenceApplication - Started CoherenceApplication in 2.655 seconds (JVM running for 346.519)
2018/03/16 04:48:59.500 [Thread-42] INFO |com.zaxxer.hikari.pool.HikariPool - HikariPool-7 - Close initiated...
2018/03/16 04:48:59.734 [Thread-42] INFO |com.zaxxer.hikari.pool.HikariPool - HikariPool-7 - Closed.
2018/03/16 04:49:00.290 [restartedMain] INFO |com.coherence.demo.CoherenceApplication - Starting CoherenceApplication on mymachine101 with PID 20940 (/u01/data/eclipse-workspace/coherence/target/classes started by oracle in /u01/data/eclipse-workspace/coherence)
2018/03/16 04:49:00.291 [restartedMain] INFO |com.coherence.demo.CoherenceApplication - No active profile set, falling back to default profiles: default
2018/03/16 04:49:01.124 [restartedMain] INFO |org.apache.catalina.core.StandardService - Starting service [Tomcat]
2018/03/16 04:49:01.125 [restartedMain] INFO |org.apache.catalina.core.StandardEngine - Starting Servlet Engine: Apache Tomcat/8.5.27
2018/03/16 04:49:01.159 [localhost-startStop-1] INFO |org.apache.catalina.core.ContainerBase.[Tomcat].[localhost].[/] - Initializing Spring embedded WebApplicationContext
2018/03/16 04:49:01.328 [restartedMain] INFO |com.zaxxer.hikari.HikariDataSource - HikariPool-8 - Started.
2018/03/16 04:49:01.722 [restartedMain] INFO |org.hibernate.jpa.internal.util.LogHelper - HHH000204: Processing PersistenceUnitInfo [
	name: default
	...]
2018/03/16 04:49:01.736 [restartedMain] INFO |org.hibernate.dialect.Dialect - HHH000400: Using dialect: org.hibernate.dialect.Oracle9iDialect
2018/03/16 04:49:02.384 [restartedMain] INFO |org.apache.coyote.http11.Http11NioProtocol - Initializing ProtocolHandler ["http-nio-8388"]
2018/03/16 04:49:02.384 [restartedMain] INFO |org.apache.coyote.http11.Http11NioProtocol - Starting ProtocolHandler ["http-nio-8388"]
2018/03/16 04:49:02.385 [restartedMain] INFO |org.apache.tomcat.util.net.NioSelectorPool - Using a shared selector for servlet write/read
2018/03/16 04:49:02.432 [restartedMain] INFO |com.coherence.demo.CoherenceApplication - Started CoherenceApplication in 2.238 seconds (JVM running for 351.64)
2018/03/16 04:51:12.290 [Thread-48] INFO |com.zaxxer.hikari.pool.HikariPool - HikariPool-8 - Close initiated...
2018/03/16 04:51:12.351 [Thread-48] INFO |com.zaxxer.hikari.pool.HikariPool - HikariPool-8 - Closed.
2018/03/16 04:51:12.672 [restartedMain] INFO |com.coherence.demo.CoherenceApplication - Starting CoherenceApplication on mymachine101 with PID 20940 (/u01/data/eclipse-workspace/coherence/target/classes started by oracle in /u01/data/eclipse-workspace/coherence)
2018/03/16 04:51:12.673 [restartedMain] INFO |com.coherence.demo.CoherenceApplication - No active profile set, falling back to default profiles: default
2018/03/16 04:51:13.067 [restartedMain] INFO |org.apache.catalina.core.StandardService - Starting service [Tomcat]
2018/03/16 04:51:13.067 [restartedMain] INFO |org.apache.catalina.core.StandardEngine - Starting Servlet Engine: Apache Tomcat/8.5.27
2018/03/16 04:51:13.085 [localhost-startStop-1] INFO |org.apache.catalina.core.ContainerBase.[Tomcat].[localhost].[/] - Initializing Spring embedded WebApplicationContext
2018/03/16 04:51:13.158 [restartedMain] INFO |com.zaxxer.hikari.HikariDataSource - HikariPool-9 - Started.
2018/03/16 04:51:13.357 [restartedMain] INFO |org.hibernate.jpa.internal.util.LogHelper - HHH000204: Processing PersistenceUnitInfo [
	name: default
	...]
2018/03/16 04:51:13.370 [restartedMain] INFO |org.hibernate.dialect.Dialect - HHH000400: Using dialect: org.hibernate.dialect.Oracle9iDialect
2018/03/16 04:51:13.725 [restartedMain] INFO |org.apache.coyote.http11.Http11NioProtocol - Initializing ProtocolHandler ["http-nio-8388"]
2018/03/16 04:51:13.726 [restartedMain] INFO |org.apache.coyote.http11.Http11NioProtocol - Starting ProtocolHandler ["http-nio-8388"]
2018/03/16 04:51:13.727 [restartedMain] INFO |org.apache.tomcat.util.net.NioSelectorPool - Using a shared selector for servlet write/read
2018/03/16 04:51:13.947 [restartedMain] INFO |com.coherence.demo.CoherenceApplication - Started CoherenceApplication in 1.306 seconds (JVM running for 483.155)
2018/03/16 04:51:14.555 [Thread-59] INFO |com.zaxxer.hikari.pool.HikariPool - HikariPool-9 - Close initiated...
2018/03/16 04:51:14.591 [Thread-59] INFO |com.zaxxer.hikari.pool.HikariPool - HikariPool-9 - Closed.
2018/03/16 05:09:44.151 [restartedMain] INFO |com.coherence.demo.CoherenceApplication - Starting CoherenceApplication on mymachine101 with PID 24501 (/u01/data/eclipse-workspace/coherence/target/classes started by oracle in /u01/data/eclipse-workspace/coherence)
2018/03/16 05:09:44.154 [restartedMain] INFO |com.coherence.demo.CoherenceApplication - No active profile set, falling back to default profiles: default
2018/03/16 05:09:44.916 [background-preinit] INFO |org.hibernate.validator.internal.util.Version - HV000001: Hibernate Validator 5.3.6.Final
2018/03/16 05:09:47.670 [restartedMain] INFO |org.apache.catalina.core.StandardService - Starting service [Tomcat]
2018/03/16 05:09:47.671 [restartedMain] INFO |org.apache.catalina.core.StandardEngine - Starting Servlet Engine: Apache Tomcat/8.5.27
2018/03/16 05:09:47.899 [localhost-startStop-1] INFO |org.apache.catalina.core.ContainerBase.[Tomcat].[localhost].[/] - Initializing Spring embedded WebApplicationContext
2018/03/16 05:09:48.604 [restartedMain] INFO |com.zaxxer.hikari.HikariDataSource - HikariPool-1 - Started.
2018/03/16 05:09:50.467 [restartedMain] INFO |org.hibernate.jpa.internal.util.LogHelper - HHH000204: Processing PersistenceUnitInfo [
	name: default
	...]
2018/03/16 05:09:50.660 [restartedMain] INFO |org.hibernate.Version - HHH000412: Hibernate Core {5.0.12.Final}
2018/03/16 05:09:50.668 [restartedMain] INFO |org.hibernate.cfg.Environment - HHH000206: hibernate.properties not found
2018/03/16 05:09:50.671 [restartedMain] INFO |org.hibernate.cfg.Environment - HHH000021: Bytecode provider name : javassist
2018/03/16 05:09:50.773 [restartedMain] INFO |org.hibernate.annotations.common.Version - HCANN000001: Hibernate Commons Annotations {5.0.1.Final}
2018/03/16 05:09:51.064 [restartedMain] INFO |org.hibernate.dialect.Dialect - HHH000400: Using dialect: org.hibernate.dialect.Oracle9iDialect
2018/03/16 05:09:54.127 [restartedMain] INFO |org.apache.coyote.http11.Http11NioProtocol - Initializing ProtocolHandler ["http-nio-8388"]
2018/03/16 05:09:54.141 [restartedMain] INFO |org.apache.coyote.http11.Http11NioProtocol - Starting ProtocolHandler ["http-nio-8388"]
2018/03/16 05:09:54.143 [restartedMain] INFO |org.apache.tomcat.util.net.NioSelectorPool - Using a shared selector for servlet write/read
2018/03/16 05:09:54.173 [restartedMain] INFO |com.coherence.demo.CoherenceApplication - Started CoherenceApplication in 10.478 seconds (JVM running for 11.451)
2018/03/16 05:10:01.598 [http-nio-8388-exec-1] INFO |org.apache.catalina.core.ContainerBase.[Tomcat].[localhost].[/] - Initializing Spring FrameworkServlet 'dispatcherServlet'
2018/03/16 05:10:01.756 [http-nio-8388-exec-1] INFO |com.coherence.demo.sample.controller.SampleController - ######Method-employee start######
2018/03/16 05:10:01.756 [http-nio-8388-exec-1] INFO |com.coherence.demo.sample.controller.SampleController - ######Method-employee 尝试从缓存中取得对象######
2018/03/16 05:10:08.629 [http-nio-8388-exec-1] INFO |com.coherence.demo.sample.controller.SampleController - ######Method-employee 从缓存中取得对象成功######
2018/03/16 05:10:08.665 [http-nio-8388-exec-1] INFO |com.coherence.demo.sample.controller.SampleController - ######程序运行时间： 6909毫秒######
2018/03/16 05:10:08.665 [http-nio-8388-exec-1] INFO |com.coherence.demo.sample.controller.SampleController - ######Method-employee end######
2018/03/16 05:10:08.682 [http-nio-8388-exec-1] ERROR|org.apache.catalina.core.ContainerBase.[Tomcat].[localhost].[/].[dispatcherServlet] - Servlet.service() for servlet [dispatcherServlet] in context with path [] threw exception [Request processing failed; nested exception is java.lang.IllegalArgumentException: Source must not be null] with root cause
java.lang.IllegalArgumentException: Source must not be null
	at org.springframework.util.Assert.notNull(Assert.java:134)
	at org.springframework.beans.BeanUtils.copyProperties(BeanUtils.java:592)
	at org.springframework.beans.BeanUtils.copyProperties(BeanUtils.java:538)
	at com.coherence.demo.sample.controller.SampleController.employee(SampleController.java:70)
	at sun.reflect.NativeMethodAccessorImpl.invoke0(Native Method)
	at sun.reflect.NativeMethodAccessorImpl.invoke(NativeMethodAccessorImpl.java:62)
	at sun.reflect.DelegatingMethodAccessorImpl.invoke(DelegatingMethodAccessorImpl.java:43)
	at java.lang.reflect.Method.invoke(Method.java:498)
	at org.springframework.web.method.support.InvocableHandlerMethod.doInvoke(InvocableHandlerMethod.java:205)
	at org.springframework.web.method.support.InvocableHandlerMethod.invokeForRequest(InvocableHandlerMethod.java:133)
	at org.springframework.web.servlet.mvc.method.annotation.ServletInvocableHandlerMethod.invokeAndHandle(ServletInvocableHandlerMethod.java:97)
	at org.springframework.web.servlet.mvc.method.annotation.RequestMappingHandlerAdapter.invokeHandlerMethod(RequestMappingHandlerAdapter.java:827)
	at org.springframework.web.servlet.mvc.method.annotation.RequestMappingHandlerAdapter.handleInternal(RequestMappingHandlerAdapter.java:738)
	at org.springframework.web.servlet.mvc.method.AbstractHandlerMethodAdapter.handle(AbstractHandlerMethodAdapter.java:85)
	at org.springframework.web.servlet.DispatcherServlet.doDispatch(DispatcherServlet.java:967)
	at org.springframework.web.servlet.DispatcherServlet.doService(DispatcherServlet.java:901)
	at org.springframework.web.servlet.FrameworkServlet.processRequest(FrameworkServlet.java:970)
	at org.springframework.web.servlet.FrameworkServlet.doGet(FrameworkServlet.java:861)
	at javax.servlet.http.HttpServlet.service(HttpServlet.java:635)
	at org.springframework.web.servlet.FrameworkServlet.service(FrameworkServlet.java:846)
	at javax.servlet.http.HttpServlet.service(HttpServlet.java:742)
	at org.apache.catalina.core.ApplicationFilterChain.internalDoFilter(ApplicationFilterChain.java:231)
	at org.apache.catalina.core.ApplicationFilterChain.doFilter(ApplicationFilterChain.java:166)
	at org.apache.tomcat.websocket.server.WsFilter.doFilter(WsFilter.java:52)
	at org.apache.catalina.core.ApplicationFilterChain.internalDoFilter(ApplicationFilterChain.java:193)
	at org.apache.catalina.core.ApplicationFilterChain.doFilter(ApplicationFilterChain.java:166)
	at org.springframework.web.filter.RequestContextFilter.doFilterInternal(RequestContextFilter.java:99)
	at org.springframework.web.filter.OncePerRequestFilter.doFilter(OncePerRequestFilter.java:107)
	at org.apache.catalina.core.ApplicationFilterChain.internalDoFilter(ApplicationFilterChain.java:193)
	at org.apache.catalina.core.ApplicationFilterChain.doFilter(ApplicationFilterChain.java:166)
	at org.springframework.web.filter.HttpPutFormContentFilter.doFilterInternal(HttpPutFormContentFilter.java:108)
	at org.springframework.web.filter.OncePerRequestFilter.doFilter(OncePerRequestFilter.java:107)
	at org.apache.catalina.core.ApplicationFilterChain.internalDoFilter(ApplicationFilterChain.java:193)
	at org.apache.catalina.core.ApplicationFilterChain.doFilter(ApplicationFilterChain.java:166)
	at org.springframework.web.filter.HiddenHttpMethodFilter.doFilterInternal(HiddenHttpMethodFilter.java:81)
	at org.springframework.web.filter.OncePerRequestFilter.doFilter(OncePerRequestFilter.java:107)
	at org.apache.catalina.core.ApplicationFilterChain.internalDoFilter(ApplicationFilterChain.java:193)
	at org.apache.catalina.core.ApplicationFilterChain.doFilter(ApplicationFilterChain.java:166)
	at org.springframework.web.filter.CharacterEncodingFilter.doFilterInternal(CharacterEncodingFilter.java:197)
	at org.springframework.web.filter.OncePerRequestFilter.doFilter(OncePerRequestFilter.java:107)
	at org.apache.catalina.core.ApplicationFilterChain.internalDoFilter(ApplicationFilterChain.java:193)
	at org.apache.catalina.core.ApplicationFilterChain.doFilter(ApplicationFilterChain.java:166)
	at org.apache.catalina.core.StandardWrapperValve.invoke(StandardWrapperValve.java:199)
	at org.apache.catalina.core.StandardContextValve.invoke(StandardContextValve.java:96)
	at org.apache.catalina.authenticator.AuthenticatorBase.invoke(AuthenticatorBase.java:504)
	at org.apache.catalina.core.StandardHostValve.invoke(StandardHostValve.java:140)
	at org.apache.catalina.valves.ErrorReportValve.invoke(ErrorReportValve.java:81)
	at org.apache.catalina.core.StandardEngineValve.invoke(StandardEngineValve.java:87)
	at org.apache.catalina.connector.CoyoteAdapter.service(CoyoteAdapter.java:342)
	at org.apache.coyote.http11.Http11Processor.service(Http11Processor.java:803)
	at org.apache.coyote.AbstractProcessorLight.process(AbstractProcessorLight.java:66)
	at org.apache.coyote.AbstractProtocol$ConnectionHandler.process(AbstractProtocol.java:790)
	at org.apache.tomcat.util.net.NioEndpoint$SocketProcessor.doRun(NioEndpoint.java:1459)
	at org.apache.tomcat.util.net.SocketProcessorBase.run(SocketProcessorBase.java:49)
	at java.util.concurrent.ThreadPoolExecutor.runWorker(ThreadPoolExecutor.java:1149)
	at java.util.concurrent.ThreadPoolExecutor$Worker.run(ThreadPoolExecutor.java:624)
	at org.apache.tomcat.util.threads.TaskThread$WrappingRunnable.run(TaskThread.java:61)
	at java.lang.Thread.run(Thread.java:748)
2018/03/16 05:10:37.758 [Thread-11] INFO |com.zaxxer.hikari.pool.HikariPool - HikariPool-1 - Close initiated...
2018/03/16 05:10:37.823 [Thread-11] INFO |com.zaxxer.hikari.pool.HikariPool - HikariPool-1 - Closed.
2018/03/16 05:10:44.957 [restartedMain] INFO |com.coherence.demo.CoherenceApplication - Starting CoherenceApplication on mymachine101 with PID 24700 (/u01/data/eclipse-workspace/coherence/target/classes started by oracle in /u01/data/eclipse-workspace/coherence)
2018/03/16 05:10:44.974 [restartedMain] INFO |com.coherence.demo.CoherenceApplication - No active profile set, falling back to default profiles: default
2018/03/16 05:10:45.612 [background-preinit] INFO |org.hibernate.validator.internal.util.Version - HV000001: Hibernate Validator 5.3.6.Final
2018/03/16 05:10:48.641 [restartedMain] INFO |org.apache.catalina.core.StandardService - Starting service [Tomcat]
2018/03/16 05:10:48.642 [restartedMain] INFO |org.apache.catalina.core.StandardEngine - Starting Servlet Engine: Apache Tomcat/8.5.27
2018/03/16 05:10:48.784 [localhost-startStop-1] INFO |org.apache.catalina.core.ContainerBase.[Tomcat].[localhost].[/] - Initializing Spring embedded WebApplicationContext
2018/03/16 05:10:49.435 [restartedMain] INFO |com.zaxxer.hikari.HikariDataSource - HikariPool-1 - Started.
2018/03/16 05:10:50.642 [restartedMain] INFO |org.hibernate.jpa.internal.util.LogHelper - HHH000204: Processing PersistenceUnitInfo [
	name: default
	...]
2018/03/16 05:10:50.780 [restartedMain] INFO |org.hibernate.Version - HHH000412: Hibernate Core {5.0.12.Final}
2018/03/16 05:10:50.782 [restartedMain] INFO |org.hibernate.cfg.Environment - HHH000206: hibernate.properties not found
2018/03/16 05:10:50.785 [restartedMain] INFO |org.hibernate.cfg.Environment - HHH000021: Bytecode provider name : javassist
2018/03/16 05:10:50.899 [restartedMain] INFO |org.hibernate.annotations.common.Version - HCANN000001: Hibernate Commons Annotations {5.0.1.Final}
2018/03/16 05:10:51.291 [restartedMain] INFO |org.hibernate.dialect.Dialect - HHH000400: Using dialect: org.hibernate.dialect.Oracle9iDialect
2018/03/16 05:10:54.992 [restartedMain] INFO |org.apache.coyote.http11.Http11NioProtocol - Initializing ProtocolHandler ["http-nio-8388"]
2018/03/16 05:10:55.010 [restartedMain] INFO |org.apache.coyote.http11.Http11NioProtocol - Starting ProtocolHandler ["http-nio-8388"]
2018/03/16 05:10:55.012 [restartedMain] INFO |org.apache.tomcat.util.net.NioSelectorPool - Using a shared selector for servlet write/read
2018/03/16 05:10:55.142 [restartedMain] INFO |com.coherence.demo.CoherenceApplication - Started CoherenceApplication in 10.791 seconds (JVM running for 11.93)
2018/03/16 05:11:03.819 [http-nio-8388-exec-1] INFO |org.apache.catalina.core.ContainerBase.[Tomcat].[localhost].[/] - Initializing Spring FrameworkServlet 'dispatcherServlet'
2018/03/16 05:11:04.033 [http-nio-8388-exec-1] INFO |com.coherence.demo.sample.controller.SampleController - ######Method-employee start######
2018/03/16 05:11:04.034 [http-nio-8388-exec-1] INFO |com.coherence.demo.sample.controller.SampleController - ######Method-employee 尝试从缓存中取得对象######
2018/03/16 05:11:25.951 [http-nio-8388-exec-1] INFO |com.coherence.demo.sample.controller.SampleController - ######Method-employee 从缓存中取得对象成功######
2018/03/16 05:12:50.016 [Thread-8] INFO |com.zaxxer.hikari.pool.HikariPool - HikariPool-1 - Close initiated...
2018/03/16 05:12:50.080 [Thread-8] INFO |com.zaxxer.hikari.pool.HikariPool - HikariPool-1 - Closed.
2018/03/16 05:12:55.461 [restartedMain] INFO |com.coherence.demo.CoherenceApplication - Starting CoherenceApplication on mymachine101 with PID 25076 (/u01/data/eclipse-workspace/coherence/target/classes started by oracle in /u01/data/eclipse-workspace/coherence)
2018/03/16 05:12:55.496 [restartedMain] INFO |com.coherence.demo.CoherenceApplication - No active profile set, falling back to default profiles: default
2018/03/16 05:12:56.410 [background-preinit] INFO |org.hibernate.validator.internal.util.Version - HV000001: Hibernate Validator 5.3.6.Final
2018/03/16 05:13:00.344 [restartedMain] INFO |org.apache.catalina.core.StandardService - Starting service [Tomcat]
2018/03/16 05:13:00.346 [restartedMain] INFO |org.apache.catalina.core.StandardEngine - Starting Servlet Engine: Apache Tomcat/8.5.27
2018/03/16 05:13:00.528 [localhost-startStop-1] INFO |org.apache.catalina.core.ContainerBase.[Tomcat].[localhost].[/] - Initializing Spring embedded WebApplicationContext
2018/03/16 05:13:01.229 [restartedMain] INFO |com.zaxxer.hikari.HikariDataSource - HikariPool-1 - Started.
2018/03/16 05:13:02.341 [restartedMain] INFO |org.hibernate.jpa.internal.util.LogHelper - HHH000204: Processing PersistenceUnitInfo [
	name: default
	...]
2018/03/16 05:13:02.542 [restartedMain] INFO |org.hibernate.Version - HHH000412: Hibernate Core {5.0.12.Final}
2018/03/16 05:13:02.545 [restartedMain] INFO |org.hibernate.cfg.Environment - HHH000206: hibernate.properties not found
2018/03/16 05:13:02.547 [restartedMain] INFO |org.hibernate.cfg.Environment - HHH000021: Bytecode provider name : javassist
2018/03/16 05:13:02.776 [restartedMain] INFO |org.hibernate.annotations.common.Version - HCANN000001: Hibernate Commons Annotations {5.0.1.Final}
2018/03/16 05:13:03.157 [restartedMain] INFO |org.hibernate.dialect.Dialect - HHH000400: Using dialect: org.hibernate.dialect.Oracle9iDialect
2018/03/16 05:13:06.646 [restartedMain] INFO |org.apache.coyote.http11.Http11NioProtocol - Initializing ProtocolHandler ["http-nio-8388"]
2018/03/16 05:13:06.663 [restartedMain] INFO |org.apache.coyote.http11.Http11NioProtocol - Starting ProtocolHandler ["http-nio-8388"]
2018/03/16 05:13:06.665 [restartedMain] INFO |org.apache.tomcat.util.net.NioSelectorPool - Using a shared selector for servlet write/read
2018/03/16 05:13:06.717 [restartedMain] INFO |com.coherence.demo.CoherenceApplication - Started CoherenceApplication in 11.915 seconds (JVM running for 13.783)
2018/03/16 05:13:15.017 [http-nio-8388-exec-1] INFO |org.apache.catalina.core.ContainerBase.[Tomcat].[localhost].[/] - Initializing Spring FrameworkServlet 'dispatcherServlet'
2018/03/16 05:13:15.635 [http-nio-8388-exec-1] INFO |com.coherence.demo.sample.controller.SampleController - ######Method-employee start######
2018/03/16 05:13:15.635 [http-nio-8388-exec-1] INFO |com.coherence.demo.sample.controller.SampleController - ######Method-employee 尝试从缓存中取得对象######
2018/03/16 05:13:25.895 [http-nio-8388-exec-1] INFO |com.coherence.demo.sample.controller.SampleController - ######Method-employee 从缓存中取得对象失败######
2018/03/16 05:13:25.896 [http-nio-8388-exec-1] INFO |com.coherence.demo.sample.controller.SampleController - ######Method-employee 尝试从数据库中取得对象######
2018/03/16 05:13:25.896 [http-nio-8388-exec-1] INFO |com.coherence.demo.sample.facade.impl.SampleFacadeImpl - ######Method-selectByExample start######
2018/03/16 05:13:26.294 [http-nio-8388-exec-1] INFO |com.coherence.demo.sample.facade.impl.SampleFacadeImpl - ######程序运行时间： 387毫秒######
2018/03/16 05:13:26.295 [http-nio-8388-exec-1] INFO |com.coherence.demo.sample.facade.impl.SampleFacadeImpl - ######Method-selectByExample end######
2018/03/16 05:13:26.296 [http-nio-8388-exec-1] INFO |com.coherence.demo.sample.controller.SampleController - ######程序运行时间： 10661毫秒######
2018/03/16 05:13:26.296 [http-nio-8388-exec-1] INFO |com.coherence.demo.sample.controller.SampleController - ######Method-employee end######
2018/03/16 05:13:31.140 [http-nio-8388-exec-3] INFO |com.coherence.demo.sample.controller.SampleController - ######Method-employee start######
2018/03/16 05:13:31.140 [http-nio-8388-exec-3] INFO |com.coherence.demo.sample.controller.SampleController - ######Method-employee 尝试从缓存中取得对象######
2018/03/16 05:13:31.152 [http-nio-8388-exec-3] INFO |com.coherence.demo.sample.controller.SampleController - ######Method-employee 从缓存中取得对象失败######
2018/03/16 05:13:31.153 [http-nio-8388-exec-3] INFO |com.coherence.demo.sample.controller.SampleController - ######Method-employee 尝试从数据库中取得对象######
2018/03/16 05:13:31.153 [http-nio-8388-exec-3] INFO |com.coherence.demo.sample.facade.impl.SampleFacadeImpl - ######Method-selectByExample start######
2018/03/16 05:13:31.163 [http-nio-8388-exec-3] INFO |com.coherence.demo.sample.facade.impl.SampleFacadeImpl - ######程序运行时间： 10毫秒######
2018/03/16 05:13:31.164 [http-nio-8388-exec-3] INFO |com.coherence.demo.sample.facade.impl.SampleFacadeImpl - ######Method-selectByExample end######
2018/03/16 05:13:31.164 [http-nio-8388-exec-3] INFO |com.coherence.demo.sample.controller.SampleController - ######程序运行时间： 24毫秒######
2018/03/16 05:13:31.164 [http-nio-8388-exec-3] INFO |com.coherence.demo.sample.controller.SampleController - ######Method-employee end######
2018/03/16 05:13:35.049 [http-nio-8388-exec-5] INFO |com.coherence.demo.sample.controller.SampleController - ######Method-employee start######
2018/03/16 05:13:35.050 [http-nio-8388-exec-5] INFO |com.coherence.demo.sample.controller.SampleController - ######Method-employee 尝试从缓存中取得对象######
2018/03/16 05:13:35.054 [http-nio-8388-exec-5] INFO |com.coherence.demo.sample.controller.SampleController - ######Method-employee 从缓存中取得对象失败######
2018/03/16 05:13:35.055 [http-nio-8388-exec-5] INFO |com.coherence.demo.sample.controller.SampleController - ######Method-employee 尝试从数据库中取得对象######
2018/03/16 05:13:35.055 [http-nio-8388-exec-5] INFO |com.coherence.demo.sample.facade.impl.SampleFacadeImpl - ######Method-selectByExample start######
2018/03/16 05:13:35.065 [http-nio-8388-exec-5] INFO |com.coherence.demo.sample.facade.impl.SampleFacadeImpl - ######程序运行时间： 10毫秒######
2018/03/16 05:13:35.065 [http-nio-8388-exec-5] INFO |com.coherence.demo.sample.facade.impl.SampleFacadeImpl - ######Method-selectByExample end######
2018/03/16 05:13:35.065 [http-nio-8388-exec-5] INFO |com.coherence.demo.sample.controller.SampleController - ######程序运行时间： 16毫秒######
2018/03/16 05:13:35.066 [http-nio-8388-exec-5] INFO |com.coherence.demo.sample.controller.SampleController - ######Method-employee end######
2018/03/16 05:13:36.153 [http-nio-8388-exec-7] INFO |com.coherence.demo.sample.controller.SampleController - ######Method-employee start######
2018/03/16 05:13:36.154 [http-nio-8388-exec-7] INFO |com.coherence.demo.sample.controller.SampleController - ######Method-employee 尝试从缓存中取得对象######
2018/03/16 05:13:36.164 [http-nio-8388-exec-7] INFO |com.coherence.demo.sample.controller.SampleController - ######Method-employee 从缓存中取得对象失败######
2018/03/16 05:13:36.164 [http-nio-8388-exec-7] INFO |com.coherence.demo.sample.controller.SampleController - ######Method-employee 尝试从数据库中取得对象######
2018/03/16 05:13:36.165 [http-nio-8388-exec-7] INFO |com.coherence.demo.sample.facade.impl.SampleFacadeImpl - ######Method-selectByExample start######
2018/03/16 05:13:36.169 [http-nio-8388-exec-7] INFO |com.coherence.demo.sample.facade.impl.SampleFacadeImpl - ######程序运行时间： 4毫秒######
2018/03/16 05:13:36.170 [http-nio-8388-exec-7] INFO |com.coherence.demo.sample.facade.impl.SampleFacadeImpl - ######Method-selectByExample end######
2018/03/16 05:13:36.170 [http-nio-8388-exec-7] INFO |com.coherence.demo.sample.controller.SampleController - ######程序运行时间： 17毫秒######
2018/03/16 05:13:36.170 [http-nio-8388-exec-7] INFO |com.coherence.demo.sample.controller.SampleController - ######Method-employee end######
2018/03/16 05:13:39.765 [http-nio-8388-exec-8] INFO |com.coherence.demo.sample.controller.SampleController - ######Method-employee start######
2018/03/16 05:13:39.766 [http-nio-8388-exec-8] INFO |com.coherence.demo.sample.controller.SampleController - ######Method-employee 尝试从缓存中取得对象######
2018/03/16 05:13:39.769 [http-nio-8388-exec-8] INFO |com.coherence.demo.sample.controller.SampleController - ######Method-employee 从缓存中取得对象失败######
2018/03/16 05:13:39.770 [http-nio-8388-exec-8] INFO |com.coherence.demo.sample.controller.SampleController - ######Method-employee 尝试从数据库中取得对象######
2018/03/16 05:13:39.770 [http-nio-8388-exec-8] INFO |com.coherence.demo.sample.facade.impl.SampleFacadeImpl - ######Method-selectByExample start######
2018/03/16 05:13:39.777 [http-nio-8388-exec-8] INFO |com.coherence.demo.sample.facade.impl.SampleFacadeImpl - ######程序运行时间： 7毫秒######
2018/03/16 05:13:39.778 [http-nio-8388-exec-8] INFO |com.coherence.demo.sample.facade.impl.SampleFacadeImpl - ######Method-selectByExample end######
2018/03/16 05:13:39.778 [http-nio-8388-exec-8] INFO |com.coherence.demo.sample.controller.SampleController - ######程序运行时间： 13毫秒######
2018/03/16 05:13:39.778 [http-nio-8388-exec-8] INFO |com.coherence.demo.sample.controller.SampleController - ######Method-employee end######
2018/03/16 05:13:42.009 [http-nio-8388-exec-10] INFO |com.coherence.demo.sample.controller.SampleController - ######Method-employee start######
2018/03/16 05:13:42.010 [http-nio-8388-exec-10] INFO |com.coherence.demo.sample.controller.SampleController - ######Method-employee 尝试从缓存中取得对象######
2018/03/16 05:13:42.015 [http-nio-8388-exec-10] INFO |com.coherence.demo.sample.controller.SampleController - ######Method-employee 从缓存中取得对象失败######
2018/03/16 05:13:42.015 [http-nio-8388-exec-10] INFO |com.coherence.demo.sample.controller.SampleController - ######Method-employee 尝试从数据库中取得对象######
2018/03/16 05:13:42.015 [http-nio-8388-exec-10] INFO |com.coherence.demo.sample.facade.impl.SampleFacadeImpl - ######Method-selectByExample start######
2018/03/16 05:13:42.026 [http-nio-8388-exec-10] INFO |com.coherence.demo.sample.facade.impl.SampleFacadeImpl - ######程序运行时间： 11毫秒######
2018/03/16 05:13:42.026 [http-nio-8388-exec-10] INFO |com.coherence.demo.sample.facade.impl.SampleFacadeImpl - ######Method-selectByExample end######
2018/03/16 05:13:42.027 [http-nio-8388-exec-10] INFO |com.coherence.demo.sample.controller.SampleController - ######程序运行时间： 17毫秒######
2018/03/16 05:13:42.027 [http-nio-8388-exec-10] INFO |com.coherence.demo.sample.controller.SampleController - ######Method-employee end######
2018/03/16 05:13:43.099 [http-nio-8388-exec-2] INFO |com.coherence.demo.sample.controller.SampleController - ######Method-employee start######
2018/03/16 05:13:43.099 [http-nio-8388-exec-2] INFO |com.coherence.demo.sample.controller.SampleController - ######Method-employee 尝试从缓存中取得对象######
2018/03/16 05:13:43.102 [http-nio-8388-exec-2] INFO |com.coherence.demo.sample.controller.SampleController - ######Method-employee 从缓存中取得对象失败######
2018/03/16 05:13:43.102 [http-nio-8388-exec-2] INFO |com.coherence.demo.sample.controller.SampleController - ######Method-employee 尝试从数据库中取得对象######
2018/03/16 05:13:43.102 [http-nio-8388-exec-2] INFO |com.coherence.demo.sample.facade.impl.SampleFacadeImpl - ######Method-selectByExample start######
2018/03/16 05:13:43.110 [http-nio-8388-exec-2] INFO |com.coherence.demo.sample.facade.impl.SampleFacadeImpl - ######程序运行时间： 8毫秒######
2018/03/16 05:13:43.110 [http-nio-8388-exec-2] INFO |com.coherence.demo.sample.facade.impl.SampleFacadeImpl - ######Method-selectByExample end######
2018/03/16 05:13:43.110 [http-nio-8388-exec-2] INFO |com.coherence.demo.sample.controller.SampleController - ######程序运行时间： 11毫秒######
2018/03/16 05:13:43.111 [http-nio-8388-exec-2] INFO |com.coherence.demo.sample.controller.SampleController - ######Method-employee end######
2018/03/16 05:13:44.023 [http-nio-8388-exec-4] INFO |com.coherence.demo.sample.controller.SampleController - ######Method-employee start######
2018/03/16 05:13:44.024 [http-nio-8388-exec-4] INFO |com.coherence.demo.sample.controller.SampleController - ######Method-employee 尝试从缓存中取得对象######
2018/03/16 05:13:44.031 [http-nio-8388-exec-4] INFO |com.coherence.demo.sample.controller.SampleController - ######Method-employee 从缓存中取得对象失败######
2018/03/16 05:13:44.031 [http-nio-8388-exec-4] INFO |com.coherence.demo.sample.controller.SampleController - ######Method-employee 尝试从数据库中取得对象######
2018/03/16 05:13:44.032 [http-nio-8388-exec-4] INFO |com.coherence.demo.sample.facade.impl.SampleFacadeImpl - ######Method-selectByExample start######
2018/03/16 05:13:44.046 [http-nio-8388-exec-4] INFO |com.coherence.demo.sample.facade.impl.SampleFacadeImpl - ######程序运行时间： 14毫秒######
2018/03/16 05:13:44.047 [http-nio-8388-exec-4] INFO |com.coherence.demo.sample.facade.impl.SampleFacadeImpl - ######Method-selectByExample end######
2018/03/16 05:13:44.047 [http-nio-8388-exec-4] INFO |com.coherence.demo.sample.controller.SampleController - ######程序运行时间： 24毫秒######
2018/03/16 05:13:44.047 [http-nio-8388-exec-4] INFO |com.coherence.demo.sample.controller.SampleController - ######Method-employee end######
2018/03/16 05:13:45.254 [http-nio-8388-exec-6] INFO |com.coherence.demo.sample.controller.SampleController - ######Method-employee start######
2018/03/16 05:13:45.254 [http-nio-8388-exec-6] INFO |com.coherence.demo.sample.controller.SampleController - ######Method-employee 尝试从缓存中取得对象######
2018/03/16 05:13:45.261 [http-nio-8388-exec-6] INFO |com.coherence.demo.sample.controller.SampleController - ######Method-employee 从缓存中取得对象失败######
2018/03/16 05:13:45.261 [http-nio-8388-exec-6] INFO |com.coherence.demo.sample.controller.SampleController - ######Method-employee 尝试从数据库中取得对象######
2018/03/16 05:13:45.262 [http-nio-8388-exec-6] INFO |com.coherence.demo.sample.facade.impl.SampleFacadeImpl - ######Method-selectByExample start######
2018/03/16 05:13:45.270 [http-nio-8388-exec-6] INFO |com.coherence.demo.sample.facade.impl.SampleFacadeImpl - ######程序运行时间： 8毫秒######
2018/03/16 05:13:45.271 [http-nio-8388-exec-6] INFO |com.coherence.demo.sample.facade.impl.SampleFacadeImpl - ######Method-selectByExample end######
2018/03/16 05:13:45.271 [http-nio-8388-exec-6] INFO |com.coherence.demo.sample.controller.SampleController - ######程序运行时间： 17毫秒######
2018/03/16 05:13:45.271 [http-nio-8388-exec-6] INFO |com.coherence.demo.sample.controller.SampleController - ######Method-employee end######
2018/03/16 05:13:46.208 [http-nio-8388-exec-7] INFO |com.coherence.demo.sample.controller.SampleController - ######Method-employee start######
2018/03/16 05:13:46.208 [http-nio-8388-exec-7] INFO |com.coherence.demo.sample.controller.SampleController - ######Method-employee 尝试从缓存中取得对象######
2018/03/16 05:13:46.212 [http-nio-8388-exec-7] INFO |com.coherence.demo.sample.controller.SampleController - ######Method-employee 从缓存中取得对象失败######
2018/03/16 05:13:46.213 [http-nio-8388-exec-7] INFO |com.coherence.demo.sample.controller.SampleController - ######Method-employee 尝试从数据库中取得对象######
2018/03/16 05:13:46.213 [http-nio-8388-exec-7] INFO |com.coherence.demo.sample.facade.impl.SampleFacadeImpl - ######Method-selectByExample start######
2018/03/16 05:13:46.230 [http-nio-8388-exec-7] INFO |com.coherence.demo.sample.facade.impl.SampleFacadeImpl - ######程序运行时间： 17毫秒######
2018/03/16 05:13:46.231 [http-nio-8388-exec-7] INFO |com.coherence.demo.sample.facade.impl.SampleFacadeImpl - ######Method-selectByExample end######
2018/03/16 05:13:46.231 [http-nio-8388-exec-7] INFO |com.coherence.demo.sample.controller.SampleController - ######程序运行时间： 23毫秒######
2018/03/16 05:13:46.231 [http-nio-8388-exec-7] INFO |com.coherence.demo.sample.controller.SampleController - ######Method-employee end######
2018/03/16 05:17:45.713 [Thread-8] INFO |com.zaxxer.hikari.pool.HikariPool - HikariPool-1 - Close initiated...
2018/03/16 05:17:45.751 [Thread-8] INFO |com.zaxxer.hikari.pool.HikariPool - HikariPool-1 - Closed.
2018/03/16 05:17:46.357 [restartedMain] INFO |com.coherence.demo.CoherenceApplication - Starting CoherenceApplication on mymachine101 with PID 25076 (/u01/data/eclipse-workspace/coherence/target/classes started by oracle in /u01/data/eclipse-workspace/coherence)
2018/03/16 05:17:46.357 [restartedMain] INFO |com.coherence.demo.CoherenceApplication - No active profile set, falling back to default profiles: default
2018/03/16 05:17:47.470 [restartedMain] INFO |org.apache.catalina.core.StandardService - Starting service [Tomcat]
2018/03/16 05:17:47.478 [restartedMain] INFO |org.apache.catalina.core.StandardEngine - Starting Servlet Engine: Apache Tomcat/8.5.27
2018/03/16 05:17:47.555 [localhost-startStop-1] INFO |org.apache.catalina.core.ContainerBase.[Tomcat].[localhost].[/] - Initializing Spring embedded WebApplicationContext
2018/03/16 05:17:47.737 [restartedMain] INFO |com.zaxxer.hikari.HikariDataSource - HikariPool-2 - Started.
2018/03/16 05:17:47.885 [restartedMain] INFO |org.hibernate.jpa.internal.util.LogHelper - HHH000204: Processing PersistenceUnitInfo [
	name: default
	...]
2018/03/16 05:17:47.897 [restartedMain] INFO |org.hibernate.dialect.Dialect - HHH000400: Using dialect: org.hibernate.dialect.Oracle9iDialect
2018/03/16 05:17:48.822 [restartedMain] INFO |org.apache.coyote.http11.Http11NioProtocol - Initializing ProtocolHandler ["http-nio-8388"]
2018/03/16 05:17:48.822 [restartedMain] INFO |org.apache.coyote.http11.Http11NioProtocol - Starting ProtocolHandler ["http-nio-8388"]
2018/03/16 05:17:48.827 [restartedMain] INFO |org.apache.tomcat.util.net.NioSelectorPool - Using a shared selector for servlet write/read
2018/03/16 05:17:48.904 [restartedMain] INFO |com.coherence.demo.CoherenceApplication - Started CoherenceApplication in 2.708 seconds (JVM running for 295.97)
2018/03/16 05:17:56.546 [http-nio-8388-exec-2] INFO |org.apache.catalina.core.ContainerBase.[Tomcat].[localhost].[/] - Initializing Spring FrameworkServlet 'dispatcherServlet'
2018/03/16 05:17:56.570 [http-nio-8388-exec-2] INFO |com.coherence.demo.sample.controller.SampleController - ######Method-employees start######
2018/03/16 05:17:56.571 [http-nio-8388-exec-2] INFO |com.coherence.demo.sample.facade.impl.SampleFacadeImpl - ######Method-selectByExample start######
2018/03/16 05:17:56.650 [http-nio-8388-exec-2] INFO |com.coherence.demo.sample.facade.impl.SampleFacadeImpl - ######程序运行时间： 79毫秒######
2018/03/16 05:17:56.651 [http-nio-8388-exec-2] INFO |com.coherence.demo.sample.facade.impl.SampleFacadeImpl - ######Method-selectByExample end######
2018/03/16 05:17:56.652 [http-nio-8388-exec-2] INFO |com.coherence.demo.sample.controller.SampleController - ######程序运行时间： 81毫秒######
2018/03/16 05:17:56.652 [http-nio-8388-exec-2] INFO |com.coherence.demo.sample.controller.SampleController - ######Method-employees end######
2018/03/16 05:18:00.175 [http-nio-8388-exec-4] INFO |com.coherence.demo.sample.controller.SampleController - ######Method-employee start######
2018/03/16 05:18:00.175 [http-nio-8388-exec-4] INFO |com.coherence.demo.sample.controller.SampleController - ######Method-employee 尝试从缓存中取得对象######
2018/03/16 05:18:00.399 [http-nio-8388-exec-4] INFO |com.coherence.demo.sample.controller.SampleController - ######Method-employee 从缓存中取得对象失败######
2018/03/16 05:18:00.399 [http-nio-8388-exec-4] INFO |com.coherence.demo.sample.controller.SampleController - ######Method-employee 尝试从数据库中取得对象######
2018/03/16 05:18:00.400 [http-nio-8388-exec-4] INFO |com.coherence.demo.sample.facade.impl.SampleFacadeImpl - ######Method-selectByExample start######
2018/03/16 05:18:00.405 [http-nio-8388-exec-4] INFO |com.coherence.demo.sample.facade.impl.SampleFacadeImpl - ######程序运行时间： 5毫秒######
2018/03/16 05:18:00.406 [http-nio-8388-exec-4] INFO |com.coherence.demo.sample.facade.impl.SampleFacadeImpl - ######Method-selectByExample end######
2018/03/16 05:18:00.422 [http-nio-8388-exec-4] INFO |com.coherence.demo.sample.controller.SampleController - ######程序运行时间： 247毫秒######
2018/03/16 05:18:00.423 [http-nio-8388-exec-4] INFO |com.coherence.demo.sample.controller.SampleController - ######Method-employee end######
2018/03/16 05:18:06.558 [http-nio-8388-exec-6] INFO |com.coherence.demo.sample.controller.SampleController - ######Method-employee start######
2018/03/16 05:18:06.559 [http-nio-8388-exec-6] INFO |com.coherence.demo.sample.controller.SampleController - ######Method-employee 尝试从缓存中取得对象######
2018/03/16 05:18:06.570 [http-nio-8388-exec-6] INFO |com.coherence.demo.sample.controller.SampleController - ######Method-employee 从缓存中取得对象成功######
2018/03/16 05:18:06.570 [http-nio-8388-exec-6] INFO |com.coherence.demo.sample.controller.SampleController - ######程序运行时间： 12毫秒######
2018/03/16 05:18:06.571 [http-nio-8388-exec-6] INFO |com.coherence.demo.sample.controller.SampleController - ######Method-employee end######
2018/03/16 05:18:09.953 [http-nio-8388-exec-8] INFO |com.coherence.demo.sample.controller.SampleController - ######Method-employee start######
2018/03/16 05:18:09.954 [http-nio-8388-exec-8] INFO |com.coherence.demo.sample.controller.SampleController - ######Method-employee 尝试从缓存中取得对象######
2018/03/16 05:18:09.956 [http-nio-8388-exec-8] INFO |com.coherence.demo.sample.controller.SampleController - ######Method-employee 从缓存中取得对象成功######
2018/03/16 05:18:09.957 [http-nio-8388-exec-8] INFO |com.coherence.demo.sample.controller.SampleController - ######程序运行时间： 4毫秒######
2018/03/16 05:18:09.958 [http-nio-8388-exec-8] INFO |com.coherence.demo.sample.controller.SampleController - ######Method-employee end######
2018/03/16 05:18:10.899 [http-nio-8388-exec-9] INFO |com.coherence.demo.sample.controller.SampleController - ######Method-employee start######
2018/03/16 05:18:10.900 [http-nio-8388-exec-9] INFO |com.coherence.demo.sample.controller.SampleController - ######Method-employee 尝试从缓存中取得对象######
2018/03/16 05:18:10.902 [http-nio-8388-exec-9] INFO |com.coherence.demo.sample.controller.SampleController - ######Method-employee 从缓存中取得对象成功######
2018/03/16 05:18:10.902 [http-nio-8388-exec-9] INFO |com.coherence.demo.sample.controller.SampleController - ######程序运行时间： 3毫秒######
2018/03/16 05:18:10.903 [http-nio-8388-exec-9] INFO |com.coherence.demo.sample.controller.SampleController - ######Method-employee end######
2018/03/16 05:18:11.672 [http-nio-8388-exec-1] INFO |com.coherence.demo.sample.controller.SampleController - ######Method-employee start######
2018/03/16 05:18:11.673 [http-nio-8388-exec-1] INFO |com.coherence.demo.sample.controller.SampleController - ######Method-employee 尝试从缓存中取得对象######
2018/03/16 05:18:11.675 [http-nio-8388-exec-1] INFO |com.coherence.demo.sample.controller.SampleController - ######Method-employee 从缓存中取得对象成功######
2018/03/16 05:18:11.675 [http-nio-8388-exec-1] INFO |com.coherence.demo.sample.controller.SampleController - ######程序运行时间： 3毫秒######
2018/03/16 05:18:11.676 [http-nio-8388-exec-1] INFO |com.coherence.demo.sample.controller.SampleController - ######Method-employee end######
2018/03/16 05:18:12.430 [http-nio-8388-exec-3] INFO |com.coherence.demo.sample.controller.SampleController - ######Method-employee start######
2018/03/16 05:18:12.431 [http-nio-8388-exec-3] INFO |com.coherence.demo.sample.controller.SampleController - ######Method-employee 尝试从缓存中取得对象######
2018/03/16 05:18:12.435 [http-nio-8388-exec-3] INFO |com.coherence.demo.sample.controller.SampleController - ######Method-employee 从缓存中取得对象成功######
2018/03/16 05:18:12.435 [http-nio-8388-exec-3] INFO |com.coherence.demo.sample.controller.SampleController - ######程序运行时间： 5毫秒######
2018/03/16 05:18:12.435 [http-nio-8388-exec-3] INFO |com.coherence.demo.sample.controller.SampleController - ######Method-employee end######
2018/03/16 05:18:16.329 [http-nio-8388-exec-5] INFO |com.coherence.demo.sample.controller.SampleController - ######Method-employee start######
2018/03/16 05:18:16.330 [http-nio-8388-exec-5] INFO |com.coherence.demo.sample.controller.SampleController - ######Method-employee 尝试从缓存中取得对象######
2018/03/16 05:18:16.338 [http-nio-8388-exec-5] INFO |com.coherence.demo.sample.controller.SampleController - ######Method-employee 从缓存中取得对象失败######
2018/03/16 05:18:16.338 [http-nio-8388-exec-5] INFO |com.coherence.demo.sample.controller.SampleController - ######Method-employee 尝试从数据库中取得对象######
2018/03/16 05:18:16.339 [http-nio-8388-exec-5] INFO |com.coherence.demo.sample.facade.impl.SampleFacadeImpl - ######Method-selectByExample start######
2018/03/16 05:18:16.347 [http-nio-8388-exec-5] INFO |com.coherence.demo.sample.facade.impl.SampleFacadeImpl - ######程序运行时间： 8毫秒######
2018/03/16 05:18:16.348 [http-nio-8388-exec-5] INFO |com.coherence.demo.sample.facade.impl.SampleFacadeImpl - ######Method-selectByExample end######
2018/03/16 05:18:16.374 [http-nio-8388-exec-5] INFO |com.coherence.demo.sample.controller.SampleController - ######程序运行时间： 45毫秒######
2018/03/16 05:18:16.376 [http-nio-8388-exec-5] INFO |com.coherence.demo.sample.controller.SampleController - ######Method-employee end######
2018/03/16 05:18:18.431 [http-nio-8388-exec-7] INFO |com.coherence.demo.sample.controller.SampleController - ######Method-employee start######
2018/03/16 05:18:18.432 [http-nio-8388-exec-7] INFO |com.coherence.demo.sample.controller.SampleController - ######Method-employee 尝试从缓存中取得对象######
2018/03/16 05:18:18.435 [http-nio-8388-exec-7] INFO |com.coherence.demo.sample.controller.SampleController - ######Method-employee 从缓存中取得对象成功######
2018/03/16 05:18:18.435 [http-nio-8388-exec-7] INFO |com.coherence.demo.sample.controller.SampleController - ######程序运行时间： 4毫秒######
2018/03/16 05:18:18.435 [http-nio-8388-exec-7] INFO |com.coherence.demo.sample.controller.SampleController - ######Method-employee end######
2018/03/16 05:18:20.210 [http-nio-8388-exec-9] INFO |com.coherence.demo.sample.controller.SampleController - ######Method-employee start######
2018/03/16 05:18:20.211 [http-nio-8388-exec-9] INFO |com.coherence.demo.sample.controller.SampleController - ######Method-employee 尝试从缓存中取得对象######
2018/03/16 05:18:20.215 [http-nio-8388-exec-9] INFO |com.coherence.demo.sample.controller.SampleController - ######Method-employee 从缓存中取得对象成功######
2018/03/16 05:18:20.215 [http-nio-8388-exec-9] INFO |com.coherence.demo.sample.controller.SampleController - ######程序运行时间： 5毫秒######
2018/03/16 05:18:20.215 [http-nio-8388-exec-9] INFO |com.coherence.demo.sample.controller.SampleController - ######Method-employee end######
2018/03/16 05:18:20.913 [http-nio-8388-exec-1] INFO |com.coherence.demo.sample.controller.SampleController - ######Method-employee start######
2018/03/16 05:18:20.914 [http-nio-8388-exec-1] INFO |com.coherence.demo.sample.controller.SampleController - ######Method-employee 尝试从缓存中取得对象######
2018/03/16 05:18:20.917 [http-nio-8388-exec-1] INFO |com.coherence.demo.sample.controller.SampleController - ######Method-employee 从缓存中取得对象成功######
2018/03/16 05:18:20.917 [http-nio-8388-exec-1] INFO |com.coherence.demo.sample.controller.SampleController - ######程序运行时间： 4毫秒######
2018/03/16 05:18:20.918 [http-nio-8388-exec-1] INFO |com.coherence.demo.sample.controller.SampleController - ######Method-employee end######
2018/03/16 05:22:29.375 [http-nio-8388-exec-3] INFO |com.coherence.demo.sample.controller.SampleController - ######Method-employee start######
2018/03/16 05:22:29.375 [http-nio-8388-exec-3] INFO |com.coherence.demo.sample.controller.SampleController - ######Method-employee 尝试从缓存中取得对象######
2018/03/16 05:22:29.377 [http-nio-8388-exec-3] INFO |com.coherence.demo.sample.controller.SampleController - ######Method-employee 从缓存中取得对象失败######
2018/03/16 05:22:29.378 [http-nio-8388-exec-3] INFO |com.coherence.demo.sample.controller.SampleController - ######Method-employee 尝试从数据库中取得对象######
2018/03/16 05:22:29.378 [http-nio-8388-exec-3] INFO |com.coherence.demo.sample.facade.impl.SampleFacadeImpl - ######Method-selectByExample start######
2018/03/16 05:22:29.385 [http-nio-8388-exec-3] INFO |com.coherence.demo.sample.facade.impl.SampleFacadeImpl - ######程序运行时间： 7毫秒######
2018/03/16 05:22:29.387 [http-nio-8388-exec-3] INFO |com.coherence.demo.sample.facade.impl.SampleFacadeImpl - ######Method-selectByExample end######
2018/03/16 05:22:29.391 [http-nio-8388-exec-3] INFO |com.coherence.demo.sample.controller.SampleController - ######程序运行时间： 16毫秒######
2018/03/16 05:22:29.392 [http-nio-8388-exec-3] INFO |com.coherence.demo.sample.controller.SampleController - ######Method-employee end######
2018/03/16 05:22:32.200 [http-nio-8388-exec-5] INFO |com.coherence.demo.sample.controller.SampleController - ######Method-employee start######
2018/03/16 05:22:32.201 [http-nio-8388-exec-5] INFO |com.coherence.demo.sample.controller.SampleController - ######Method-employee 尝试从缓存中取得对象######
2018/03/16 05:22:32.204 [http-nio-8388-exec-5] INFO |com.coherence.demo.sample.controller.SampleController - ######Method-employee 从缓存中取得对象失败######
2018/03/16 05:22:32.204 [http-nio-8388-exec-5] INFO |com.coherence.demo.sample.controller.SampleController - ######Method-employee 尝试从数据库中取得对象######
2018/03/16 05:22:32.204 [http-nio-8388-exec-5] INFO |com.coherence.demo.sample.facade.impl.SampleFacadeImpl - ######Method-selectByExample start######
2018/03/16 05:22:32.216 [http-nio-8388-exec-5] INFO |com.coherence.demo.sample.facade.impl.SampleFacadeImpl - ######程序运行时间： 12毫秒######
2018/03/16 05:22:32.216 [http-nio-8388-exec-5] INFO |com.coherence.demo.sample.facade.impl.SampleFacadeImpl - ######Method-selectByExample end######
2018/03/16 05:22:32.217 [http-nio-8388-exec-5] INFO |com.coherence.demo.sample.controller.SampleController - ######程序运行时间： 17毫秒######
2018/03/16 05:22:32.217 [http-nio-8388-exec-5] INFO |com.coherence.demo.sample.controller.SampleController - ######Method-employee end######
2018/03/16 05:22:32.229 [http-nio-8388-exec-5] ERROR|org.apache.catalina.core.ContainerBase.[Tomcat].[localhost].[/].[dispatcherServlet] - Servlet.service() for servlet [dispatcherServlet] in context with path [] threw exception [Request processing failed; nested exception is java.lang.IllegalArgumentException: Source must not be null] with root cause
java.lang.IllegalArgumentException: Source must not be null
	at org.springframework.util.Assert.notNull(Assert.java:134)
	at org.springframework.beans.BeanUtils.copyProperties(BeanUtils.java:592)
	at org.springframework.beans.BeanUtils.copyProperties(BeanUtils.java:538)
	at com.coherence.demo.sample.controller.SampleController.employee(SampleController.java:78)
	at sun.reflect.NativeMethodAccessorImpl.invoke0(Native Method)
	at sun.reflect.NativeMethodAccessorImpl.invoke(NativeMethodAccessorImpl.java:62)
	at sun.reflect.DelegatingMethodAccessorImpl.invoke(DelegatingMethodAccessorImpl.java:43)
	at java.lang.reflect.Method.invoke(Method.java:498)
	at org.springframework.web.method.support.InvocableHandlerMethod.doInvoke(InvocableHandlerMethod.java:205)
	at org.springframework.web.method.support.InvocableHandlerMethod.invokeForRequest(InvocableHandlerMethod.java:133)
	at org.springframework.web.servlet.mvc.method.annotation.ServletInvocableHandlerMethod.invokeAndHandle(ServletInvocableHandlerMethod.java:97)
	at org.springframework.web.servlet.mvc.method.annotation.RequestMappingHandlerAdapter.invokeHandlerMethod(RequestMappingHandlerAdapter.java:827)
	at org.springframework.web.servlet.mvc.method.annotation.RequestMappingHandlerAdapter.handleInternal(RequestMappingHandlerAdapter.java:738)
	at org.springframework.web.servlet.mvc.method.AbstractHandlerMethodAdapter.handle(AbstractHandlerMethodAdapter.java:85)
	at org.springframework.web.servlet.DispatcherServlet.doDispatch(DispatcherServlet.java:967)
	at org.springframework.web.servlet.DispatcherServlet.doService(DispatcherServlet.java:901)
	at org.springframework.web.servlet.FrameworkServlet.processRequest(FrameworkServlet.java:970)
	at org.springframework.web.servlet.FrameworkServlet.doGet(FrameworkServlet.java:861)
	at javax.servlet.http.HttpServlet.service(HttpServlet.java:635)
	at org.springframework.web.servlet.FrameworkServlet.service(FrameworkServlet.java:846)
	at javax.servlet.http.HttpServlet.service(HttpServlet.java:742)
	at org.apache.catalina.core.ApplicationFilterChain.internalDoFilter(ApplicationFilterChain.java:231)
	at org.apache.catalina.core.ApplicationFilterChain.doFilter(ApplicationFilterChain.java:166)
	at org.apache.tomcat.websocket.server.WsFilter.doFilter(WsFilter.java:52)
	at org.apache.catalina.core.ApplicationFilterChain.internalDoFilter(ApplicationFilterChain.java:193)
	at org.apache.catalina.core.ApplicationFilterChain.doFilter(ApplicationFilterChain.java:166)
	at org.springframework.web.filter.RequestContextFilter.doFilterInternal(RequestContextFilter.java:99)
	at org.springframework.web.filter.OncePerRequestFilter.doFilter(OncePerRequestFilter.java:107)
	at org.apache.catalina.core.ApplicationFilterChain.internalDoFilter(ApplicationFilterChain.java:193)
	at org.apache.catalina.core.ApplicationFilterChain.doFilter(ApplicationFilterChain.java:166)
	at org.springframework.web.filter.HttpPutFormContentFilter.doFilterInternal(HttpPutFormContentFilter.java:108)
	at org.springframework.web.filter.OncePerRequestFilter.doFilter(OncePerRequestFilter.java:107)
	at org.apache.catalina.core.ApplicationFilterChain.internalDoFilter(ApplicationFilterChain.java:193)
	at org.apache.catalina.core.ApplicationFilterChain.doFilter(ApplicationFilterChain.java:166)
	at org.springframework.web.filter.HiddenHttpMethodFilter.doFilterInternal(HiddenHttpMethodFilter.java:81)
	at org.springframework.web.filter.OncePerRequestFilter.doFilter(OncePerRequestFilter.java:107)
	at org.apache.catalina.core.ApplicationFilterChain.internalDoFilter(ApplicationFilterChain.java:193)
	at org.apache.catalina.core.ApplicationFilterChain.doFilter(ApplicationFilterChain.java:166)
	at org.springframework.web.filter.CharacterEncodingFilter.doFilterInternal(CharacterEncodingFilter.java:197)
	at org.springframework.web.filter.OncePerRequestFilter.doFilter(OncePerRequestFilter.java:107)
	at org.apache.catalina.core.ApplicationFilterChain.internalDoFilter(ApplicationFilterChain.java:193)
	at org.apache.catalina.core.ApplicationFilterChain.doFilter(ApplicationFilterChain.java:166)
	at org.apache.catalina.core.StandardWrapperValve.invoke(StandardWrapperValve.java:199)
	at org.apache.catalina.core.StandardContextValve.invoke(StandardContextValve.java:96)
	at org.apache.catalina.authenticator.AuthenticatorBase.invoke(AuthenticatorBase.java:504)
	at org.apache.catalina.core.StandardHostValve.invoke(StandardHostValve.java:140)
	at org.apache.catalina.valves.ErrorReportValve.invoke(ErrorReportValve.java:81)
	at org.apache.catalina.core.StandardEngineValve.invoke(StandardEngineValve.java:87)
	at org.apache.catalina.connector.CoyoteAdapter.service(CoyoteAdapter.java:342)
	at org.apache.coyote.http11.Http11Processor.service(Http11Processor.java:803)
	at org.apache.coyote.AbstractProcessorLight.process(AbstractProcessorLight.java:66)
	at org.apache.coyote.AbstractProtocol$ConnectionHandler.process(AbstractProtocol.java:790)
	at org.apache.tomcat.util.net.NioEndpoint$SocketProcessor.doRun(NioEndpoint.java:1459)
	at org.apache.tomcat.util.net.SocketProcessorBase.run(SocketProcessorBase.java:49)
	at java.util.concurrent.ThreadPoolExecutor.runWorker(ThreadPoolExecutor.java:1149)
	at java.util.concurrent.ThreadPoolExecutor$Worker.run(ThreadPoolExecutor.java:624)
	at org.apache.tomcat.util.threads.TaskThread$WrappingRunnable.run(TaskThread.java:61)
	at java.lang.Thread.run(Thread.java:748)
